27-06-2020 07:36:50.212 INFO  [main] o.s.b.t.c.SpringBootTestContextBootstrapper - Neither @ContextConfiguration nor @ContextHierarchy found for test class [com.tim26.ChatService.ChatServiceApplicationTests], using SpringBootContextLoader
27-06-2020 07:36:50.212 INFO  [main] o.s.t.c.s.AbstractContextLoader - Could not detect default resource locations for test class [com.tim26.ChatService.ChatServiceApplicationTests]: no resource found for suffixes {-context.xml, Context.groovy}.
27-06-2020 07:36:50.212 INFO  [main] o.s.t.c.s.AnnotationConfigContextLoaderUtils - Could not detect default configuration classes for test class [com.tim26.ChatService.ChatServiceApplicationTests]: ChatServiceApplicationTests does not declare any static, non-private, non-final, nested classes annotated with @Configuration.
27-06-2020 07:36:50.430 INFO  [main] o.s.b.t.c.SpringBootTestContextBootstrapper - Found @SpringBootConfiguration com.tim26.ChatService.ChatServiceApplication for test class com.tim26.ChatService.ChatServiceApplicationTests
27-06-2020 07:36:50.824 INFO  [main] o.s.b.t.c.SpringBootTestContextBootstrapper - Loaded default TestExecutionListener class names from location [META-INF/spring.factories]: [org.springframework.boot.test.mock.mockito.MockitoTestExecutionListener, org.springframework.boot.test.mock.mockito.ResetMocksTestExecutionListener, org.springframework.boot.test.autoconfigure.restdocs.RestDocsTestExecutionListener, org.springframework.boot.test.autoconfigure.web.client.MockRestServiceServerResetTestExecutionListener, org.springframework.boot.test.autoconfigure.web.servlet.MockMvcPrintOnlyOnFailureTestExecutionListener, org.springframework.boot.test.autoconfigure.web.servlet.WebDriverTestExecutionListener, org.springframework.boot.test.autoconfigure.webservices.client.MockWebServiceServerTestExecutionListener, org.springframework.test.context.web.ServletTestExecutionListener, org.springframework.test.context.support.DirtiesContextBeforeModesTestExecutionListener, org.springframework.test.context.support.DependencyInjectionTestExecutionListener, org.springframework.test.context.support.DirtiesContextTestExecutionListener, org.springframework.test.context.transaction.TransactionalTestExecutionListener, org.springframework.test.context.jdbc.SqlScriptsTestExecutionListener, org.springframework.test.context.event.EventPublishingTestExecutionListener, org.springframework.security.test.context.support.WithSecurityContextTestExecutionListener, org.springframework.security.test.context.support.ReactorContextTestExecutionListener]
27-06-2020 07:36:50.871 INFO  [main] o.s.b.t.c.SpringBootTestContextBootstrapper - Using TestExecutionListeners: [org.springframework.test.context.web.ServletTestExecutionListener@48d61b48, org.springframework.test.context.support.DirtiesContextBeforeModesTestExecutionListener@68d279ec, org.springframework.boot.test.mock.mockito.MockitoTestExecutionListener@258d79be, org.springframework.boot.test.autoconfigure.SpringBootDependencyInjectionTestExecutionListener@14f9390f, org.springframework.test.context.support.DirtiesContextTestExecutionListener@6c0d7c83, org.springframework.test.context.transaction.TransactionalTestExecutionListener@176b75f7, org.springframework.test.context.jdbc.SqlScriptsTestExecutionListener@5965be2d, org.springframework.test.context.event.EventPublishingTestExecutionListener@409c54f, org.springframework.security.test.context.support.WithSecurityContextTestExecutionListener@3e74829, org.springframework.security.test.context.support.ReactorContextTestExecutionListener@4f6f416f, org.springframework.boot.test.mock.mockito.ResetMocksTestExecutionListener@3b8f0a79, org.springframework.boot.test.autoconfigure.restdocs.RestDocsTestExecutionListener@71e693fa, org.springframework.boot.test.autoconfigure.web.client.MockRestServiceServerResetTestExecutionListener@48793bef, org.springframework.boot.test.autoconfigure.web.servlet.MockMvcPrintOnlyOnFailureTestExecutionListener@7d286fb6, org.springframework.boot.test.autoconfigure.web.servlet.WebDriverTestExecutionListener@3eb77ea8, org.springframework.boot.test.autoconfigure.webservices.client.MockWebServiceServerTestExecutionListener@7b8b43c7]
27-06-2020 07:36:52.832 INFO  [main] c.t.C.ChatServiceApplicationTests - No active profile set, falling back to default profiles: default
27-06-2020 07:36:54.055 INFO  [main] o.s.d.r.c.RepositoryConfigurationDelegate - Bootstrapping Spring Data JPA repositories in DEFERRED mode.
27-06-2020 07:36:54.337 INFO  [main] o.s.d.r.c.RepositoryConfigurationDelegate - Finished Spring Data repository scanning in 269ms. Found 2 JPA repository interfaces.
27-06-2020 07:36:54.871 INFO  [main] o.s.cloud.context.scope.GenericScope - BeanFactory id=912b8358-41a7-3c99-aac5-13be68be5292
27-06-2020 07:36:55.357 INFO  [main] o.s.c.s.PostProcessorRegistrationDelegate$BeanPostProcessorChecker - Bean 'org.springframework.ws.config.annotation.DelegatingWsConfiguration' of type [org.springframework.ws.config.annotation.DelegatingWsConfiguration$$EnhancerBySpringCGLIB$$2cfc7a8a] is not eligible for getting processed by all BeanPostProcessors (for example: not eligible for auto-proxying)
27-06-2020 07:36:55.419 INFO  [main] o.s.w.s.a.s.AnnotationActionEndpointMapping - Supporting [WS-Addressing August 2004, WS-Addressing 1.0]
27-06-2020 07:36:55.513 INFO  [main] o.s.c.s.PostProcessorRegistrationDelegate$BeanPostProcessorChecker - Bean 'org.springframework.security.access.expression.method.DefaultMethodSecurityExpressionHandler@6f25bf88' of type [org.springframework.security.access.expression.method.DefaultMethodSecurityExpressionHandler] is not eligible for getting processed by all BeanPostProcessors (for example: not eligible for auto-proxying)
27-06-2020 07:36:55.528 INFO  [main] o.s.c.s.PostProcessorRegistrationDelegate$BeanPostProcessorChecker - Bean 'methodSecurityMetadataSource' of type [org.springframework.security.access.method.DelegatingMethodSecurityMetadataSource] is not eligible for getting processed by all BeanPostProcessors (for example: not eligible for auto-proxying)
27-06-2020 07:36:55.906 INFO  [main] o.s.s.c.ThreadPoolTaskExecutor - Initializing ExecutorService 'applicationTaskExecutor'
27-06-2020 07:36:56.031 INFO  [task-1] o.h.jpa.internal.util.LogHelper - HHH000204: Processing PersistenceUnitInfo [name: default]
27-06-2020 07:36:56.172 INFO  [task-1] org.hibernate.Version - HHH000412: Hibernate ORM core version 5.4.15.Final
27-06-2020 07:36:56.500 INFO  [task-1] o.h.annotations.common.Version - HCANN000001: Hibernate Commons Annotations {5.1.0.Final}
27-06-2020 07:36:57.050 INFO  [task-1] com.zaxxer.hikari.HikariDataSource - HikariPool-1 - Starting...
27-06-2020 07:36:57.331 INFO  [task-1] com.zaxxer.hikari.HikariDataSource - HikariPool-1 - Start completed.
27-06-2020 07:36:57.394 INFO  [task-1] org.hibernate.dialect.Dialect - HHH000400: Using dialect: org.hibernate.dialect.H2Dialect
27-06-2020 07:36:58.555 INFO  [task-1] o.h.e.t.j.p.i.JtaPlatformInitiator - HHH000490: Using JtaPlatform implementation: [org.hibernate.engine.transaction.jta.platform.internal.NoJtaPlatform]
27-06-2020 07:36:58.571 INFO  [task-1] o.s.o.j.LocalContainerEntityManagerFactoryBean - Initialized JPA EntityManagerFactory for persistence unit 'default'
27-06-2020 07:36:59.463 INFO  [main] o.s.b.a.s.s.UserDetailsServiceAutoConfiguration - 

Using generated security password: ee9fec2b-93cb-4ae1-b76b-2daed1e64909

27-06-2020 07:36:59.541 INFO  [main] o.s.s.web.DefaultSecurityFilterChain - Creating filter chain: Ant [pattern='/h2-console/**'], []
27-06-2020 07:36:59.541 INFO  [main] o.s.s.web.DefaultSecurityFilterChain - Creating filter chain: Ant [pattern='/', GET], []
27-06-2020 07:36:59.541 INFO  [main] o.s.s.web.DefaultSecurityFilterChain - Creating filter chain: Ant [pattern='/webjars/**', GET], []
27-06-2020 07:36:59.541 INFO  [main] o.s.s.web.DefaultSecurityFilterChain - Creating filter chain: Ant [pattern='/*.html', GET], []
27-06-2020 07:36:59.541 INFO  [main] o.s.s.web.DefaultSecurityFilterChain - Creating filter chain: Ant [pattern='/favicon.ico', GET], []
27-06-2020 07:36:59.541 INFO  [main] o.s.s.web.DefaultSecurityFilterChain - Creating filter chain: Ant [pattern='/**/*.html', GET], []
27-06-2020 07:36:59.541 INFO  [main] o.s.s.web.DefaultSecurityFilterChain - Creating filter chain: Ant [pattern='/**/*.css', GET], []
27-06-2020 07:36:59.541 INFO  [main] o.s.s.web.DefaultSecurityFilterChain - Creating filter chain: Ant [pattern='/**/*.js', GET], []
27-06-2020 07:36:59.699 INFO  [main] o.s.s.web.DefaultSecurityFilterChain - Creating filter chain: any request, [org.springframework.security.web.context.request.async.WebAsyncManagerIntegrationFilter@b75b890, org.springframework.security.web.context.SecurityContextPersistenceFilter@4a660b34, org.springframework.security.web.header.HeaderWriterFilter@1182413a, org.springframework.security.web.authentication.logout.LogoutFilter@49ced9c7, com.tim26.ChatService.security.TokenAuthenticationFilter@70c491b8, org.springframework.security.web.savedrequest.RequestCacheAwareFilter@2df3545d, org.springframework.security.web.servletapi.SecurityContextHolderAwareRequestFilter@5cf0673d, org.springframework.security.web.authentication.AnonymousAuthenticationFilter@439d545c, org.springframework.security.web.session.SessionManagementFilter@5b14f482, org.springframework.security.web.access.ExceptionTranslationFilter@5599b5bb, org.springframework.security.web.access.intercept.FilterSecurityInterceptor@5dfc2a4]
27-06-2020 07:36:59.918 INFO  [main] c.n.c.sources.URLConfigurationSource - To enable URLs as dynamic configuration sources, define System property archaius.configurationSource.additionalUrls or make config.properties available on classpath.
27-06-2020 07:36:59.934 INFO  [main] c.n.c.sources.URLConfigurationSource - To enable URLs as dynamic configuration sources, define System property archaius.configurationSource.additionalUrls or make config.properties available on classpath.
27-06-2020 07:37:01.642 INFO  [main] o.s.b.a.h.H2ConsoleAutoConfiguration - H2 console available at '/h2-console'. Database available at 'jdbc:h2:file:./src/main/resources/chatDB'
27-06-2020 07:37:03.228 INFO  [main] o.s.c.n.eureka.InstanceInfoFactory - Setting initial instance status as: STARTING
27-06-2020 07:37:03.338 INFO  [main] c.netflix.discovery.DiscoveryClient - Initializing Eureka in region us-east-1
27-06-2020 07:37:03.463 INFO  [main] c.n.d.p.DiscoveryJerseyProvider - Using JSON encoding codec LegacyJacksonJson
27-06-2020 07:37:03.463 INFO  [main] c.n.d.p.DiscoveryJerseyProvider - Using JSON decoding codec LegacyJacksonJson
27-06-2020 07:37:03.681 INFO  [main] c.n.d.p.DiscoveryJerseyProvider - Using XML encoding codec XStreamXml
27-06-2020 07:37:03.681 INFO  [main] c.n.d.p.DiscoveryJerseyProvider - Using XML decoding codec XStreamXml
27-06-2020 07:37:03.965 INFO  [main] c.n.d.s.r.aws.ConfigClusterResolver - Resolving eureka endpoints via configuration
27-06-2020 07:37:04.293 INFO  [main] c.netflix.discovery.DiscoveryClient - Disable delta property : false
27-06-2020 07:37:04.293 INFO  [main] c.netflix.discovery.DiscoveryClient - Single vip registry refresh property : null
27-06-2020 07:37:04.293 INFO  [main] c.netflix.discovery.DiscoveryClient - Force full registry fetch : false
27-06-2020 07:37:04.293 INFO  [main] c.netflix.discovery.DiscoveryClient - Application is null : false
27-06-2020 07:37:04.293 INFO  [main] c.netflix.discovery.DiscoveryClient - Registered Applications size is zero : true
27-06-2020 07:37:04.293 INFO  [main] c.netflix.discovery.DiscoveryClient - Application version is -1: true
27-06-2020 07:37:04.293 INFO  [main] c.netflix.discovery.DiscoveryClient - Getting all instance registry info from the eureka server
27-06-2020 07:37:08.448 INFO  [main] c.netflix.discovery.DiscoveryClient - Starting heartbeat executor: renew interval is: 30
27-06-2020 07:37:08.448 INFO  [main] c.n.discovery.InstanceInfoReplicator - InstanceInfoReplicator onDemand update allowed rate per min is 4
27-06-2020 07:37:08.448 INFO  [main] c.netflix.discovery.DiscoveryClient - Discovery Client initialized at timestamp 1593236228448 with initial instances count: 0
27-06-2020 07:37:08.464 INFO  [main] o.s.c.n.e.s.EurekaServiceRegistry - Registering application CHATSERVICE with eureka with status UP
27-06-2020 07:37:08.464 INFO  [main] c.netflix.discovery.DiscoveryClient - Saw local status change event StatusChangeEvent [timestamp=1593236228464, current=UP, previous=STARTING]
27-06-2020 07:37:08.464 INFO  [DiscoveryClient-InstanceInfoReplicator-0] c.netflix.discovery.DiscoveryClient - DiscoveryClient_CHATSERVICE/ASUS-LALE:chatservice:8087: registering service...
27-06-2020 07:37:08.479 INFO  [main] o.s.d.r.c.DeferredRepositoryInitializationListener - Triggering deferred initialization of Spring Data repositories…
27-06-2020 07:37:08.763 INFO  [main] o.s.d.r.c.DeferredRepositoryInitializationListener - Spring Data repositories initialized!
27-06-2020 07:37:08.794 INFO  [main] c.t.C.ChatServiceApplicationTests - Started ChatServiceApplicationTests in 17.836 seconds (JVM running for 19.875)
27-06-2020 07:37:08.981 INFO  [SpringContextShutdownHook] o.s.c.n.e.s.EurekaServiceRegistry - Unregistering application CHATSERVICE with eureka with status DOWN
27-06-2020 07:37:08.997 INFO  [SpringContextShutdownHook] o.s.o.j.LocalContainerEntityManagerFactoryBean - Closing JPA EntityManagerFactory for persistence unit 'default'
27-06-2020 07:37:08.997 INFO  [SpringContextShutdownHook] o.h.t.s.i.SchemaDropperImpl$DelayedDropActionImpl - HHH000477: Starting delayed evictData of schema as part of SessionFactory shut-down'
27-06-2020 07:37:09.013 INFO  [SpringContextShutdownHook] o.s.s.c.ThreadPoolTaskExecutor - Shutting down ExecutorService 'applicationTaskExecutor'
27-06-2020 07:37:09.013 INFO  [SpringContextShutdownHook] com.zaxxer.hikari.HikariDataSource - HikariPool-1 - Shutdown initiated...
27-06-2020 07:37:09.013 INFO  [SpringContextShutdownHook] com.zaxxer.hikari.HikariDataSource - HikariPool-1 - Shutdown completed.
27-06-2020 07:37:09.013 INFO  [SpringContextShutdownHook] c.netflix.discovery.DiscoveryClient - Shutting down DiscoveryClient ...
27-06-2020 07:37:12.024 INFO  [SpringContextShutdownHook] c.netflix.discovery.DiscoveryClient - Unregistering ...
27-06-2020 07:37:16.101 INFO  [SpringContextShutdownHook] c.netflix.discovery.DiscoveryClient - Completed shut down of DiscoveryClient
11-07-2020 08:35:28.506 INFO  [main] o.s.b.t.c.SpringBootTestContextBootstrapper - Neither @ContextConfiguration nor @ContextHierarchy found for test class [com.tim26.ChatService.ChatServiceApplicationTests], using SpringBootContextLoader
11-07-2020 08:35:28.514 INFO  [main] o.s.t.c.s.AbstractContextLoader - Could not detect default resource locations for test class [com.tim26.ChatService.ChatServiceApplicationTests]: no resource found for suffixes {-context.xml, Context.groovy}.
11-07-2020 08:35:28.515 INFO  [main] o.s.t.c.s.AnnotationConfigContextLoaderUtils - Could not detect default configuration classes for test class [com.tim26.ChatService.ChatServiceApplicationTests]: ChatServiceApplicationTests does not declare any static, non-private, non-final, nested classes annotated with @Configuration.
11-07-2020 08:35:28.690 INFO  [main] o.s.b.t.c.SpringBootTestContextBootstrapper - Found @SpringBootConfiguration com.tim26.ChatService.ChatServiceApplication for test class com.tim26.ChatService.ChatServiceApplicationTests
11-07-2020 08:35:28.864 INFO  [main] o.s.b.t.c.SpringBootTestContextBootstrapper - Loaded default TestExecutionListener class names from location [META-INF/spring.factories]: [org.springframework.boot.test.mock.mockito.MockitoTestExecutionListener, org.springframework.boot.test.mock.mockito.ResetMocksTestExecutionListener, org.springframework.boot.test.autoconfigure.restdocs.RestDocsTestExecutionListener, org.springframework.boot.test.autoconfigure.web.client.MockRestServiceServerResetTestExecutionListener, org.springframework.boot.test.autoconfigure.web.servlet.MockMvcPrintOnlyOnFailureTestExecutionListener, org.springframework.boot.test.autoconfigure.web.servlet.WebDriverTestExecutionListener, org.springframework.boot.test.autoconfigure.webservices.client.MockWebServiceServerTestExecutionListener, org.springframework.test.context.web.ServletTestExecutionListener, org.springframework.test.context.support.DirtiesContextBeforeModesTestExecutionListener, org.springframework.test.context.support.DependencyInjectionTestExecutionListener, org.springframework.test.context.support.DirtiesContextTestExecutionListener, org.springframework.test.context.transaction.TransactionalTestExecutionListener, org.springframework.test.context.jdbc.SqlScriptsTestExecutionListener, org.springframework.test.context.event.EventPublishingTestExecutionListener, org.springframework.security.test.context.support.WithSecurityContextTestExecutionListener, org.springframework.security.test.context.support.ReactorContextTestExecutionListener]
11-07-2020 08:35:28.909 INFO  [main] o.s.b.t.c.SpringBootTestContextBootstrapper - Using TestExecutionListeners: [org.springframework.test.context.web.ServletTestExecutionListener@48d61b48, org.springframework.test.context.support.DirtiesContextBeforeModesTestExecutionListener@68d279ec, org.springframework.boot.test.mock.mockito.MockitoTestExecutionListener@258d79be, org.springframework.boot.test.autoconfigure.SpringBootDependencyInjectionTestExecutionListener@14f9390f, org.springframework.test.context.support.DirtiesContextTestExecutionListener@6c0d7c83, org.springframework.test.context.transaction.TransactionalTestExecutionListener@176b75f7, org.springframework.test.context.jdbc.SqlScriptsTestExecutionListener@5965be2d, org.springframework.test.context.event.EventPublishingTestExecutionListener@409c54f, org.springframework.security.test.context.support.WithSecurityContextTestExecutionListener@3e74829, org.springframework.security.test.context.support.ReactorContextTestExecutionListener@4f6f416f, org.springframework.boot.test.mock.mockito.ResetMocksTestExecutionListener@3b8f0a79, org.springframework.boot.test.autoconfigure.restdocs.RestDocsTestExecutionListener@71e693fa, org.springframework.boot.test.autoconfigure.web.client.MockRestServiceServerResetTestExecutionListener@48793bef, org.springframework.boot.test.autoconfigure.web.servlet.MockMvcPrintOnlyOnFailureTestExecutionListener@7d286fb6, org.springframework.boot.test.autoconfigure.web.servlet.WebDriverTestExecutionListener@3eb77ea8, org.springframework.boot.test.autoconfigure.webservices.client.MockWebServiceServerTestExecutionListener@7b8b43c7]
11-07-2020 08:35:30.714 INFO  [main] c.t.C.ChatServiceApplicationTests - No active profile set, falling back to default profiles: default
11-07-2020 08:35:31.992 INFO  [main] o.s.d.r.c.RepositoryConfigurationDelegate - Bootstrapping Spring Data JPA repositories in DEFERRED mode.
11-07-2020 08:35:32.269 INFO  [main] o.s.d.r.c.RepositoryConfigurationDelegate - Finished Spring Data repository scanning in 261ms. Found 2 JPA repository interfaces.
11-07-2020 08:35:32.881 INFO  [main] o.s.cloud.context.scope.GenericScope - BeanFactory id=912b8358-41a7-3c99-aac5-13be68be5292
11-07-2020 08:35:33.307 INFO  [main] o.s.c.s.PostProcessorRegistrationDelegate$BeanPostProcessorChecker - Bean 'org.springframework.ws.config.annotation.DelegatingWsConfiguration' of type [org.springframework.ws.config.annotation.DelegatingWsConfiguration$$EnhancerBySpringCGLIB$$2cfc7a8a] is not eligible for getting processed by all BeanPostProcessors (for example: not eligible for auto-proxying)
11-07-2020 08:35:33.366 INFO  [main] o.s.w.s.a.s.AnnotationActionEndpointMapping - Supporting [WS-Addressing August 2004, WS-Addressing 1.0]
11-07-2020 08:35:33.474 INFO  [main] o.s.c.s.PostProcessorRegistrationDelegate$BeanPostProcessorChecker - Bean 'org.springframework.security.access.expression.method.DefaultMethodSecurityExpressionHandler@6f25bf88' of type [org.springframework.security.access.expression.method.DefaultMethodSecurityExpressionHandler] is not eligible for getting processed by all BeanPostProcessors (for example: not eligible for auto-proxying)
11-07-2020 08:35:33.495 INFO  [main] o.s.c.s.PostProcessorRegistrationDelegate$BeanPostProcessorChecker - Bean 'methodSecurityMetadataSource' of type [org.springframework.security.access.method.DelegatingMethodSecurityMetadataSource] is not eligible for getting processed by all BeanPostProcessors (for example: not eligible for auto-proxying)
11-07-2020 08:35:33.862 INFO  [main] o.s.s.c.ThreadPoolTaskExecutor - Initializing ExecutorService 'applicationTaskExecutor'
11-07-2020 08:35:33.990 INFO  [task-1] o.h.jpa.internal.util.LogHelper - HHH000204: Processing PersistenceUnitInfo [name: default]
11-07-2020 08:35:34.127 INFO  [task-1] org.hibernate.Version - HHH000412: Hibernate ORM core version 5.4.15.Final
11-07-2020 08:35:34.449 INFO  [task-1] o.h.annotations.common.Version - HCANN000001: Hibernate Commons Annotations {5.1.0.Final}
11-07-2020 08:35:35.046 INFO  [task-1] com.zaxxer.hikari.HikariDataSource - HikariPool-1 - Starting...
11-07-2020 08:35:35.411 INFO  [task-1] com.zaxxer.hikari.HikariDataSource - HikariPool-1 - Start completed.
11-07-2020 08:35:35.448 INFO  [task-1] org.hibernate.dialect.Dialect - HHH000400: Using dialect: org.hibernate.dialect.H2Dialect
11-07-2020 08:35:36.658 INFO  [task-1] o.h.e.t.j.p.i.JtaPlatformInitiator - HHH000490: Using JtaPlatform implementation: [org.hibernate.engine.transaction.jta.platform.internal.NoJtaPlatform]
11-07-2020 08:35:36.671 INFO  [task-1] o.s.o.j.LocalContainerEntityManagerFactoryBean - Initialized JPA EntityManagerFactory for persistence unit 'default'
11-07-2020 08:35:37.515 INFO  [main] o.s.b.a.s.s.UserDetailsServiceAutoConfiguration - 

Using generated security password: 7790b039-399e-4990-b4ed-ce8e365aa2e0

11-07-2020 08:35:37.640 INFO  [main] o.s.s.web.DefaultSecurityFilterChain - Creating filter chain: Ant [pattern='/h2-console/**'], []
11-07-2020 08:35:37.640 INFO  [main] o.s.s.web.DefaultSecurityFilterChain - Creating filter chain: Ant [pattern='/', GET], []
11-07-2020 08:35:37.640 INFO  [main] o.s.s.web.DefaultSecurityFilterChain - Creating filter chain: Ant [pattern='/webjars/**', GET], []
11-07-2020 08:35:37.640 INFO  [main] o.s.s.web.DefaultSecurityFilterChain - Creating filter chain: Ant [pattern='/*.html', GET], []
11-07-2020 08:35:37.641 INFO  [main] o.s.s.web.DefaultSecurityFilterChain - Creating filter chain: Ant [pattern='/favicon.ico', GET], []
11-07-2020 08:35:37.641 INFO  [main] o.s.s.web.DefaultSecurityFilterChain - Creating filter chain: Ant [pattern='/**/*.html', GET], []
11-07-2020 08:35:37.642 INFO  [main] o.s.s.web.DefaultSecurityFilterChain - Creating filter chain: Ant [pattern='/**/*.css', GET], []
11-07-2020 08:35:37.642 INFO  [main] o.s.s.web.DefaultSecurityFilterChain - Creating filter chain: Ant [pattern='/**/*.js', GET], []
11-07-2020 08:35:37.832 INFO  [main] o.s.s.web.DefaultSecurityFilterChain - Creating filter chain: any request, [org.springframework.security.web.context.request.async.WebAsyncManagerIntegrationFilter@70c491b8, org.springframework.security.web.context.SecurityContextPersistenceFilter@362a561e, org.springframework.security.web.header.HeaderWriterFilter@4d43a1b7, org.springframework.security.web.authentication.logout.LogoutFilter@11c7a0b4, com.tim26.ChatService.security.TokenAuthenticationFilter@439d545c, org.springframework.security.web.savedrequest.RequestCacheAwareFilter@75ad30c1, org.springframework.security.web.servletapi.SecurityContextHolderAwareRequestFilter@40c76f5a, org.springframework.security.web.authentication.AnonymousAuthenticationFilter@5a3cf824, org.springframework.security.web.session.SessionManagementFilter@19705650, org.springframework.security.web.access.ExceptionTranslationFilter@4ff66917, org.springframework.security.web.access.intercept.FilterSecurityInterceptor@3120495d]
11-07-2020 08:35:38.097 INFO  [main] c.n.c.sources.URLConfigurationSource - To enable URLs as dynamic configuration sources, define System property archaius.configurationSource.additionalUrls or make config.properties available on classpath.
11-07-2020 08:35:38.109 INFO  [main] c.n.c.sources.URLConfigurationSource - To enable URLs as dynamic configuration sources, define System property archaius.configurationSource.additionalUrls or make config.properties available on classpath.
11-07-2020 08:35:39.874 INFO  [main] o.s.b.a.h.H2ConsoleAutoConfiguration - H2 console available at '/h2-console'. Database available at 'jdbc:h2:file:./src/main/resources/chatDB'
11-07-2020 08:35:41.723 INFO  [main] o.s.c.n.eureka.InstanceInfoFactory - Setting initial instance status as: STARTING
11-07-2020 08:35:41.869 INFO  [main] c.netflix.discovery.DiscoveryClient - Initializing Eureka in region us-east-1
11-07-2020 08:35:42.031 INFO  [main] c.n.d.p.DiscoveryJerseyProvider - Using JSON encoding codec LegacyJacksonJson
11-07-2020 08:35:42.031 INFO  [main] c.n.d.p.DiscoveryJerseyProvider - Using JSON decoding codec LegacyJacksonJson
11-07-2020 08:35:42.280 INFO  [main] c.n.d.p.DiscoveryJerseyProvider - Using XML encoding codec XStreamXml
11-07-2020 08:35:42.281 INFO  [main] c.n.d.p.DiscoveryJerseyProvider - Using XML decoding codec XStreamXml
11-07-2020 08:35:42.801 INFO  [main] c.n.d.s.r.aws.ConfigClusterResolver - Resolving eureka endpoints via configuration
11-07-2020 08:35:43.341 INFO  [main] c.netflix.discovery.DiscoveryClient - Disable delta property : false
11-07-2020 08:35:43.342 INFO  [main] c.netflix.discovery.DiscoveryClient - Single vip registry refresh property : null
11-07-2020 08:35:43.342 INFO  [main] c.netflix.discovery.DiscoveryClient - Force full registry fetch : false
11-07-2020 08:35:43.342 INFO  [main] c.netflix.discovery.DiscoveryClient - Application is null : false
11-07-2020 08:35:43.342 INFO  [main] c.netflix.discovery.DiscoveryClient - Registered Applications size is zero : true
11-07-2020 08:35:43.343 INFO  [main] c.netflix.discovery.DiscoveryClient - Application version is -1: true
11-07-2020 08:35:43.343 INFO  [main] c.netflix.discovery.DiscoveryClient - Getting all instance registry info from the eureka server
11-07-2020 08:35:47.542 INFO  [main] c.netflix.discovery.DiscoveryClient - Starting heartbeat executor: renew interval is: 30
11-07-2020 08:35:47.546 INFO  [main] c.n.discovery.InstanceInfoReplicator - InstanceInfoReplicator onDemand update allowed rate per min is 4
11-07-2020 08:35:47.551 INFO  [main] c.netflix.discovery.DiscoveryClient - Discovery Client initialized at timestamp 1594449347549 with initial instances count: 0
11-07-2020 08:35:47.567 INFO  [main] o.s.c.n.e.s.EurekaServiceRegistry - Registering application CHATSERVICE with eureka with status UP
11-07-2020 08:35:47.569 INFO  [main] c.netflix.discovery.DiscoveryClient - Saw local status change event StatusChangeEvent [timestamp=1594449347569, current=UP, previous=STARTING]
11-07-2020 08:35:47.573 INFO  [DiscoveryClient-InstanceInfoReplicator-0] c.netflix.discovery.DiscoveryClient - DiscoveryClient_CHATSERVICE/host.docker.internal:chatservice:8087: registering service...
11-07-2020 08:35:47.578 INFO  [main] o.s.d.r.c.DeferredRepositoryInitializationListener - Triggering deferred initialization of Spring Data repositories…
11-07-2020 08:35:47.877 INFO  [main] o.s.d.r.c.DeferredRepositoryInitializationListener - Spring Data repositories initialized!
11-07-2020 08:35:47.893 INFO  [main] c.t.C.ChatServiceApplicationTests - Started ChatServiceApplicationTests in 18.91 seconds (JVM running for 20.5)
11-07-2020 08:35:48.080 INFO  [SpringContextShutdownHook] o.s.c.n.e.s.EurekaServiceRegistry - Unregistering application CHATSERVICE with eureka with status DOWN
11-07-2020 08:35:48.112 INFO  [SpringContextShutdownHook] o.s.o.j.LocalContainerEntityManagerFactoryBean - Closing JPA EntityManagerFactory for persistence unit 'default'
11-07-2020 08:35:48.112 INFO  [SpringContextShutdownHook] o.h.t.s.i.SchemaDropperImpl$DelayedDropActionImpl - HHH000477: Starting delayed evictData of schema as part of SessionFactory shut-down'
11-07-2020 08:35:48.127 INFO  [SpringContextShutdownHook] o.s.s.c.ThreadPoolTaskExecutor - Shutting down ExecutorService 'applicationTaskExecutor'
11-07-2020 08:35:48.127 INFO  [SpringContextShutdownHook] com.zaxxer.hikari.HikariDataSource - HikariPool-1 - Shutdown initiated...
11-07-2020 08:35:48.127 INFO  [SpringContextShutdownHook] com.zaxxer.hikari.HikariDataSource - HikariPool-1 - Shutdown completed.
11-07-2020 08:35:48.143 INFO  [SpringContextShutdownHook] c.netflix.discovery.DiscoveryClient - Shutting down DiscoveryClient ...
11-07-2020 08:35:51.150 INFO  [SpringContextShutdownHook] c.netflix.discovery.DiscoveryClient - Unregistering ...
11-07-2020 08:35:55.176 INFO  [SpringContextShutdownHook] c.netflix.discovery.DiscoveryClient - Completed shut down of DiscoveryClient
11-07-2020 16:42:29.346 INFO  [main] o.s.b.t.c.SpringBootTestContextBootstrapper - Neither @ContextConfiguration nor @ContextHierarchy found for test class [com.tim26.ChatService.ChatServiceApplicationTests], using SpringBootContextLoader
11-07-2020 16:42:29.355 INFO  [main] o.s.t.c.s.AbstractContextLoader - Could not detect default resource locations for test class [com.tim26.ChatService.ChatServiceApplicationTests]: no resource found for suffixes {-context.xml, Context.groovy}.
11-07-2020 16:42:29.356 INFO  [main] o.s.t.c.s.AnnotationConfigContextLoaderUtils - Could not detect default configuration classes for test class [com.tim26.ChatService.ChatServiceApplicationTests]: ChatServiceApplicationTests does not declare any static, non-private, non-final, nested classes annotated with @Configuration.
11-07-2020 16:42:29.566 INFO  [main] o.s.b.t.c.SpringBootTestContextBootstrapper - Found @SpringBootConfiguration com.tim26.ChatService.ChatServiceApplication for test class com.tim26.ChatService.ChatServiceApplicationTests
11-07-2020 16:42:29.848 INFO  [main] o.s.b.t.c.SpringBootTestContextBootstrapper - Loaded default TestExecutionListener class names from location [META-INF/spring.factories]: [org.springframework.boot.test.mock.mockito.MockitoTestExecutionListener, org.springframework.boot.test.mock.mockito.ResetMocksTestExecutionListener, org.springframework.boot.test.autoconfigure.restdocs.RestDocsTestExecutionListener, org.springframework.boot.test.autoconfigure.web.client.MockRestServiceServerResetTestExecutionListener, org.springframework.boot.test.autoconfigure.web.servlet.MockMvcPrintOnlyOnFailureTestExecutionListener, org.springframework.boot.test.autoconfigure.web.servlet.WebDriverTestExecutionListener, org.springframework.boot.test.autoconfigure.webservices.client.MockWebServiceServerTestExecutionListener, org.springframework.test.context.web.ServletTestExecutionListener, org.springframework.test.context.support.DirtiesContextBeforeModesTestExecutionListener, org.springframework.test.context.support.DependencyInjectionTestExecutionListener, org.springframework.test.context.support.DirtiesContextTestExecutionListener, org.springframework.test.context.transaction.TransactionalTestExecutionListener, org.springframework.test.context.jdbc.SqlScriptsTestExecutionListener, org.springframework.test.context.event.EventPublishingTestExecutionListener, org.springframework.security.test.context.support.WithSecurityContextTestExecutionListener, org.springframework.security.test.context.support.ReactorContextTestExecutionListener]
11-07-2020 16:42:29.894 INFO  [main] o.s.b.t.c.SpringBootTestContextBootstrapper - Using TestExecutionListeners: [org.springframework.test.context.web.ServletTestExecutionListener@48d61b48, org.springframework.test.context.support.DirtiesContextBeforeModesTestExecutionListener@68d279ec, org.springframework.boot.test.mock.mockito.MockitoTestExecutionListener@258d79be, org.springframework.boot.test.autoconfigure.SpringBootDependencyInjectionTestExecutionListener@14f9390f, org.springframework.test.context.support.DirtiesContextTestExecutionListener@6c0d7c83, org.springframework.test.context.transaction.TransactionalTestExecutionListener@176b75f7, org.springframework.test.context.jdbc.SqlScriptsTestExecutionListener@5965be2d, org.springframework.test.context.event.EventPublishingTestExecutionListener@409c54f, org.springframework.security.test.context.support.WithSecurityContextTestExecutionListener@3e74829, org.springframework.security.test.context.support.ReactorContextTestExecutionListener@4f6f416f, org.springframework.boot.test.mock.mockito.ResetMocksTestExecutionListener@3b8f0a79, org.springframework.boot.test.autoconfigure.restdocs.RestDocsTestExecutionListener@71e693fa, org.springframework.boot.test.autoconfigure.web.client.MockRestServiceServerResetTestExecutionListener@48793bef, org.springframework.boot.test.autoconfigure.web.servlet.MockMvcPrintOnlyOnFailureTestExecutionListener@7d286fb6, org.springframework.boot.test.autoconfigure.web.servlet.WebDriverTestExecutionListener@3eb77ea8, org.springframework.boot.test.autoconfigure.webservices.client.MockWebServiceServerTestExecutionListener@7b8b43c7]
11-07-2020 16:42:31.870 INFO  [main] c.t.C.ChatServiceApplicationTests - No active profile set, falling back to default profiles: default
11-07-2020 16:42:33.169 INFO  [main] o.s.d.r.c.RepositoryConfigurationDelegate - Bootstrapping Spring Data JPA repositories in DEFERRED mode.
11-07-2020 16:42:33.454 INFO  [main] o.s.d.r.c.RepositoryConfigurationDelegate - Finished Spring Data repository scanning in 267ms. Found 2 JPA repository interfaces.
11-07-2020 16:42:34.087 INFO  [main] o.s.cloud.context.scope.GenericScope - BeanFactory id=912b8358-41a7-3c99-aac5-13be68be5292
11-07-2020 16:42:34.450 INFO  [main] o.s.c.s.PostProcessorRegistrationDelegate$BeanPostProcessorChecker - Bean 'org.springframework.ws.config.annotation.DelegatingWsConfiguration' of type [org.springframework.ws.config.annotation.DelegatingWsConfiguration$$EnhancerBySpringCGLIB$$2cfc7a8a] is not eligible for getting processed by all BeanPostProcessors (for example: not eligible for auto-proxying)
11-07-2020 16:42:34.507 INFO  [main] o.s.w.s.a.s.AnnotationActionEndpointMapping - Supporting [WS-Addressing August 2004, WS-Addressing 1.0]
11-07-2020 16:42:34.615 INFO  [main] o.s.c.s.PostProcessorRegistrationDelegate$BeanPostProcessorChecker - Bean 'org.springframework.security.access.expression.method.DefaultMethodSecurityExpressionHandler@6f25bf88' of type [org.springframework.security.access.expression.method.DefaultMethodSecurityExpressionHandler] is not eligible for getting processed by all BeanPostProcessors (for example: not eligible for auto-proxying)
11-07-2020 16:42:34.636 INFO  [main] o.s.c.s.PostProcessorRegistrationDelegate$BeanPostProcessorChecker - Bean 'methodSecurityMetadataSource' of type [org.springframework.security.access.method.DelegatingMethodSecurityMetadataSource] is not eligible for getting processed by all BeanPostProcessors (for example: not eligible for auto-proxying)
11-07-2020 16:42:35.023 INFO  [main] o.s.s.c.ThreadPoolTaskExecutor - Initializing ExecutorService 'applicationTaskExecutor'
11-07-2020 16:42:35.140 INFO  [task-1] o.h.jpa.internal.util.LogHelper - HHH000204: Processing PersistenceUnitInfo [name: default]
11-07-2020 16:42:35.280 INFO  [task-1] org.hibernate.Version - HHH000412: Hibernate ORM core version 5.4.15.Final
11-07-2020 16:42:35.654 INFO  [task-1] o.h.annotations.common.Version - HCANN000001: Hibernate Commons Annotations {5.1.0.Final}
11-07-2020 16:42:36.385 INFO  [task-1] com.zaxxer.hikari.HikariDataSource - HikariPool-1 - Starting...
11-07-2020 16:42:36.799 INFO  [task-1] com.zaxxer.hikari.HikariDataSource - HikariPool-1 - Start completed.
11-07-2020 16:42:36.831 INFO  [task-1] org.hibernate.dialect.Dialect - HHH000400: Using dialect: org.hibernate.dialect.H2Dialect
11-07-2020 16:42:38.118 INFO  [task-1] o.h.e.t.j.p.i.JtaPlatformInitiator - HHH000490: Using JtaPlatform implementation: [org.hibernate.engine.transaction.jta.platform.internal.NoJtaPlatform]
11-07-2020 16:42:38.129 INFO  [task-1] o.s.o.j.LocalContainerEntityManagerFactoryBean - Initialized JPA EntityManagerFactory for persistence unit 'default'
11-07-2020 16:42:39.045 INFO  [main] o.s.b.a.s.s.UserDetailsServiceAutoConfiguration - 

Using generated security password: 3d240395-21ba-4f78-a7d2-e18f26ec9a35

11-07-2020 16:42:39.145 INFO  [main] o.s.s.web.DefaultSecurityFilterChain - Creating filter chain: Ant [pattern='/h2-console/**'], []
11-07-2020 16:42:39.145 INFO  [main] o.s.s.web.DefaultSecurityFilterChain - Creating filter chain: Ant [pattern='/', GET], []
11-07-2020 16:42:39.146 INFO  [main] o.s.s.web.DefaultSecurityFilterChain - Creating filter chain: Ant [pattern='/webjars/**', GET], []
11-07-2020 16:42:39.146 INFO  [main] o.s.s.web.DefaultSecurityFilterChain - Creating filter chain: Ant [pattern='/*.html', GET], []
11-07-2020 16:42:39.146 INFO  [main] o.s.s.web.DefaultSecurityFilterChain - Creating filter chain: Ant [pattern='/favicon.ico', GET], []
11-07-2020 16:42:39.146 INFO  [main] o.s.s.web.DefaultSecurityFilterChain - Creating filter chain: Ant [pattern='/**/*.html', GET], []
11-07-2020 16:42:39.147 INFO  [main] o.s.s.web.DefaultSecurityFilterChain - Creating filter chain: Ant [pattern='/**/*.css', GET], []
11-07-2020 16:42:39.147 INFO  [main] o.s.s.web.DefaultSecurityFilterChain - Creating filter chain: Ant [pattern='/**/*.js', GET], []
11-07-2020 16:42:39.291 INFO  [main] o.s.s.web.DefaultSecurityFilterChain - Creating filter chain: any request, [org.springframework.security.web.context.request.async.WebAsyncManagerIntegrationFilter@73aaec54, org.springframework.security.web.context.SecurityContextPersistenceFilter@6a6da47a, org.springframework.security.web.header.HeaderWriterFilter@40c76f5a, org.springframework.security.web.authentication.logout.LogoutFilter@790ac3e0, com.tim26.ChatService.security.TokenAuthenticationFilter@239b98cb, org.springframework.security.web.savedrequest.RequestCacheAwareFilter@7f642bf, org.springframework.security.web.servletapi.SecurityContextHolderAwareRequestFilter@650a1aff, org.springframework.security.web.authentication.AnonymousAuthenticationFilter@117b2cc6, org.springframework.security.web.session.SessionManagementFilter@5546e754, org.springframework.security.web.access.ExceptionTranslationFilter@19705650, org.springframework.security.web.access.intercept.FilterSecurityInterceptor@7a1371]
11-07-2020 16:42:39.547 INFO  [main] c.n.c.sources.URLConfigurationSource - To enable URLs as dynamic configuration sources, define System property archaius.configurationSource.additionalUrls or make config.properties available on classpath.
11-07-2020 16:42:39.555 INFO  [main] c.n.c.sources.URLConfigurationSource - To enable URLs as dynamic configuration sources, define System property archaius.configurationSource.additionalUrls or make config.properties available on classpath.
11-07-2020 16:42:41.389 INFO  [main] o.s.b.a.h.H2ConsoleAutoConfiguration - H2 console available at '/h2-console'. Database available at 'jdbc:h2:file:./src/main/resources/chatDB'
11-07-2020 16:42:42.973 INFO  [main] o.s.c.n.eureka.InstanceInfoFactory - Setting initial instance status as: STARTING
11-07-2020 16:42:43.078 INFO  [main] c.netflix.discovery.DiscoveryClient - Initializing Eureka in region us-east-1
11-07-2020 16:42:43.203 INFO  [main] c.n.d.p.DiscoveryJerseyProvider - Using JSON encoding codec LegacyJacksonJson
11-07-2020 16:42:43.203 INFO  [main] c.n.d.p.DiscoveryJerseyProvider - Using JSON decoding codec LegacyJacksonJson
11-07-2020 16:42:43.413 INFO  [main] c.n.d.p.DiscoveryJerseyProvider - Using XML encoding codec XStreamXml
11-07-2020 16:42:43.414 INFO  [main] c.n.d.p.DiscoveryJerseyProvider - Using XML decoding codec XStreamXml
11-07-2020 16:42:43.699 INFO  [main] c.n.d.s.r.aws.ConfigClusterResolver - Resolving eureka endpoints via configuration
11-07-2020 16:42:44.040 INFO  [main] c.netflix.discovery.DiscoveryClient - Disable delta property : false
11-07-2020 16:42:44.041 INFO  [main] c.netflix.discovery.DiscoveryClient - Single vip registry refresh property : null
11-07-2020 16:42:44.041 INFO  [main] c.netflix.discovery.DiscoveryClient - Force full registry fetch : false
11-07-2020 16:42:44.041 INFO  [main] c.netflix.discovery.DiscoveryClient - Application is null : false
11-07-2020 16:42:44.041 INFO  [main] c.netflix.discovery.DiscoveryClient - Registered Applications size is zero : true
11-07-2020 16:42:44.041 INFO  [main] c.netflix.discovery.DiscoveryClient - Application version is -1: true
11-07-2020 16:42:44.041 INFO  [main] c.netflix.discovery.DiscoveryClient - Getting all instance registry info from the eureka server
11-07-2020 16:42:48.169 INFO  [main] c.netflix.discovery.DiscoveryClient - Starting heartbeat executor: renew interval is: 30
11-07-2020 16:42:48.172 INFO  [main] c.n.discovery.InstanceInfoReplicator - InstanceInfoReplicator onDemand update allowed rate per min is 4
11-07-2020 16:42:48.177 INFO  [main] c.netflix.discovery.DiscoveryClient - Discovery Client initialized at timestamp 1594478568175 with initial instances count: 0
11-07-2020 16:42:48.189 INFO  [main] o.s.c.n.e.s.EurekaServiceRegistry - Registering application CHATSERVICE with eureka with status UP
11-07-2020 16:42:48.191 INFO  [main] c.netflix.discovery.DiscoveryClient - Saw local status change event StatusChangeEvent [timestamp=1594478568191, current=UP, previous=STARTING]
11-07-2020 16:42:48.195 INFO  [DiscoveryClient-InstanceInfoReplicator-0] c.netflix.discovery.DiscoveryClient - DiscoveryClient_CHATSERVICE/host.docker.internal:chatservice:8087: registering service...
11-07-2020 16:42:48.203 INFO  [main] o.s.d.r.c.DeferredRepositoryInitializationListener - Triggering deferred initialization of Spring Data repositories…
11-07-2020 16:42:48.478 INFO  [main] o.s.d.r.c.DeferredRepositoryInitializationListener - Spring Data repositories initialized!
11-07-2020 16:42:48.493 INFO  [main] c.t.C.ChatServiceApplicationTests - Started ChatServiceApplicationTests in 18.511 seconds (JVM running for 20.445)
11-07-2020 16:42:48.707 INFO  [SpringContextShutdownHook] o.s.c.n.e.s.EurekaServiceRegistry - Unregistering application CHATSERVICE with eureka with status DOWN
11-07-2020 16:42:48.731 INFO  [SpringContextShutdownHook] o.s.o.j.LocalContainerEntityManagerFactoryBean - Closing JPA EntityManagerFactory for persistence unit 'default'
11-07-2020 16:42:48.732 INFO  [SpringContextShutdownHook] o.h.t.s.i.SchemaDropperImpl$DelayedDropActionImpl - HHH000477: Starting delayed evictData of schema as part of SessionFactory shut-down'
11-07-2020 16:42:48.742 INFO  [SpringContextShutdownHook] o.s.s.c.ThreadPoolTaskExecutor - Shutting down ExecutorService 'applicationTaskExecutor'
11-07-2020 16:42:48.743 INFO  [SpringContextShutdownHook] com.zaxxer.hikari.HikariDataSource - HikariPool-1 - Shutdown initiated...
11-07-2020 16:42:48.749 INFO  [SpringContextShutdownHook] com.zaxxer.hikari.HikariDataSource - HikariPool-1 - Shutdown completed.
11-07-2020 16:42:48.750 INFO  [SpringContextShutdownHook] c.netflix.discovery.DiscoveryClient - Shutting down DiscoveryClient ...
11-07-2020 16:42:51.756 INFO  [SpringContextShutdownHook] c.netflix.discovery.DiscoveryClient - Unregistering ...
11-07-2020 16:42:55.798 INFO  [SpringContextShutdownHook] c.netflix.discovery.DiscoveryClient - Completed shut down of DiscoveryClient
11-07-2020 17:43:36.836 INFO  [main] o.s.b.t.c.SpringBootTestContextBootstrapper - Neither @ContextConfiguration nor @ContextHierarchy found for test class [com.tim26.ChatService.ChatServiceApplicationTests], using SpringBootContextLoader
11-07-2020 17:43:36.850 INFO  [main] o.s.t.c.s.AbstractContextLoader - Could not detect default resource locations for test class [com.tim26.ChatService.ChatServiceApplicationTests]: no resource found for suffixes {-context.xml, Context.groovy}.
11-07-2020 17:43:36.852 INFO  [main] o.s.t.c.s.AnnotationConfigContextLoaderUtils - Could not detect default configuration classes for test class [com.tim26.ChatService.ChatServiceApplicationTests]: ChatServiceApplicationTests does not declare any static, non-private, non-final, nested classes annotated with @Configuration.
11-07-2020 17:43:37.337 INFO  [main] o.s.b.t.c.SpringBootTestContextBootstrapper - Found @SpringBootConfiguration com.tim26.ChatService.ChatServiceApplication for test class com.tim26.ChatService.ChatServiceApplicationTests
11-07-2020 17:43:38.096 INFO  [main] o.s.b.t.c.SpringBootTestContextBootstrapper - Loaded default TestExecutionListener class names from location [META-INF/spring.factories]: [org.springframework.boot.test.mock.mockito.MockitoTestExecutionListener, org.springframework.boot.test.mock.mockito.ResetMocksTestExecutionListener, org.springframework.boot.test.autoconfigure.restdocs.RestDocsTestExecutionListener, org.springframework.boot.test.autoconfigure.web.client.MockRestServiceServerResetTestExecutionListener, org.springframework.boot.test.autoconfigure.web.servlet.MockMvcPrintOnlyOnFailureTestExecutionListener, org.springframework.boot.test.autoconfigure.web.servlet.WebDriverTestExecutionListener, org.springframework.boot.test.autoconfigure.webservices.client.MockWebServiceServerTestExecutionListener, org.springframework.test.context.web.ServletTestExecutionListener, org.springframework.test.context.support.DirtiesContextBeforeModesTestExecutionListener, org.springframework.test.context.support.DependencyInjectionTestExecutionListener, org.springframework.test.context.support.DirtiesContextTestExecutionListener, org.springframework.test.context.transaction.TransactionalTestExecutionListener, org.springframework.test.context.jdbc.SqlScriptsTestExecutionListener, org.springframework.test.context.event.EventPublishingTestExecutionListener, org.springframework.security.test.context.support.WithSecurityContextTestExecutionListener, org.springframework.security.test.context.support.ReactorContextTestExecutionListener]
11-07-2020 17:43:38.155 INFO  [main] o.s.b.t.c.SpringBootTestContextBootstrapper - Using TestExecutionListeners: [org.springframework.test.context.web.ServletTestExecutionListener@48d61b48, org.springframework.test.context.support.DirtiesContextBeforeModesTestExecutionListener@68d279ec, org.springframework.boot.test.mock.mockito.MockitoTestExecutionListener@258d79be, org.springframework.boot.test.autoconfigure.SpringBootDependencyInjectionTestExecutionListener@14f9390f, org.springframework.test.context.support.DirtiesContextTestExecutionListener@6c0d7c83, org.springframework.test.context.transaction.TransactionalTestExecutionListener@176b75f7, org.springframework.test.context.jdbc.SqlScriptsTestExecutionListener@5965be2d, org.springframework.test.context.event.EventPublishingTestExecutionListener@409c54f, org.springframework.security.test.context.support.WithSecurityContextTestExecutionListener@3e74829, org.springframework.security.test.context.support.ReactorContextTestExecutionListener@4f6f416f, org.springframework.boot.test.mock.mockito.ResetMocksTestExecutionListener@3b8f0a79, org.springframework.boot.test.autoconfigure.restdocs.RestDocsTestExecutionListener@71e693fa, org.springframework.boot.test.autoconfigure.web.client.MockRestServiceServerResetTestExecutionListener@48793bef, org.springframework.boot.test.autoconfigure.web.servlet.MockMvcPrintOnlyOnFailureTestExecutionListener@7d286fb6, org.springframework.boot.test.autoconfigure.web.servlet.WebDriverTestExecutionListener@3eb77ea8, org.springframework.boot.test.autoconfigure.webservices.client.MockWebServiceServerTestExecutionListener@7b8b43c7]
11-07-2020 17:43:41.143 INFO  [main] c.t.C.ChatServiceApplicationTests - No active profile set, falling back to default profiles: default
11-07-2020 17:43:42.554 INFO  [main] o.s.d.r.c.RepositoryConfigurationDelegate - Bootstrapping Spring Data JPA repositories in DEFERRED mode.
11-07-2020 17:43:42.870 INFO  [main] o.s.d.r.c.RepositoryConfigurationDelegate - Finished Spring Data repository scanning in 299ms. Found 2 JPA repository interfaces.
11-07-2020 17:43:43.504 INFO  [main] o.s.cloud.context.scope.GenericScope - BeanFactory id=912b8358-41a7-3c99-aac5-13be68be5292
11-07-2020 17:43:44.026 INFO  [main] o.s.c.s.PostProcessorRegistrationDelegate$BeanPostProcessorChecker - Bean 'org.springframework.ws.config.annotation.DelegatingWsConfiguration' of type [org.springframework.ws.config.annotation.DelegatingWsConfiguration$$EnhancerBySpringCGLIB$$2cfc7a8a] is not eligible for getting processed by all BeanPostProcessors (for example: not eligible for auto-proxying)
11-07-2020 17:43:44.082 INFO  [main] o.s.w.s.a.s.AnnotationActionEndpointMapping - Supporting [WS-Addressing August 2004, WS-Addressing 1.0]
11-07-2020 17:43:44.193 INFO  [main] o.s.c.s.PostProcessorRegistrationDelegate$BeanPostProcessorChecker - Bean 'org.springframework.security.access.expression.method.DefaultMethodSecurityExpressionHandler@77cb452c' of type [org.springframework.security.access.expression.method.DefaultMethodSecurityExpressionHandler] is not eligible for getting processed by all BeanPostProcessors (for example: not eligible for auto-proxying)
11-07-2020 17:43:44.224 INFO  [main] o.s.c.s.PostProcessorRegistrationDelegate$BeanPostProcessorChecker - Bean 'methodSecurityMetadataSource' of type [org.springframework.security.access.method.DelegatingMethodSecurityMetadataSource] is not eligible for getting processed by all BeanPostProcessors (for example: not eligible for auto-proxying)
11-07-2020 17:43:44.635 INFO  [main] o.s.s.c.ThreadPoolTaskExecutor - Initializing ExecutorService 'applicationTaskExecutor'
11-07-2020 17:43:44.764 INFO  [task-1] o.h.jpa.internal.util.LogHelper - HHH000204: Processing PersistenceUnitInfo [name: default]
11-07-2020 17:43:44.901 INFO  [task-1] org.hibernate.Version - HHH000412: Hibernate ORM core version 5.4.15.Final
11-07-2020 17:43:45.357 INFO  [task-1] o.h.annotations.common.Version - HCANN000001: Hibernate Commons Annotations {5.1.0.Final}
11-07-2020 17:43:46.050 INFO  [task-1] com.zaxxer.hikari.HikariDataSource - HikariPool-1 - Starting...
11-07-2020 17:43:46.392 INFO  [task-1] com.zaxxer.hikari.HikariDataSource - HikariPool-1 - Start completed.
11-07-2020 17:43:46.440 INFO  [task-1] org.hibernate.dialect.Dialect - HHH000400: Using dialect: org.hibernate.dialect.H2Dialect
11-07-2020 17:43:47.900 INFO  [task-1] o.h.e.t.j.p.i.JtaPlatformInitiator - HHH000490: Using JtaPlatform implementation: [org.hibernate.engine.transaction.jta.platform.internal.NoJtaPlatform]
11-07-2020 17:43:47.914 INFO  [task-1] o.s.o.j.LocalContainerEntityManagerFactoryBean - Initialized JPA EntityManagerFactory for persistence unit 'default'
11-07-2020 17:43:48.989 INFO  [main] o.s.b.a.s.s.UserDetailsServiceAutoConfiguration - 

Using generated security password: b4d28e48-8d44-4edd-9b38-cd644a2991a5

11-07-2020 17:43:49.148 INFO  [main] o.s.s.web.DefaultSecurityFilterChain - Creating filter chain: Ant [pattern='/h2-console/**'], []
11-07-2020 17:43:49.149 INFO  [main] o.s.s.web.DefaultSecurityFilterChain - Creating filter chain: Ant [pattern='/', GET], []
11-07-2020 17:43:49.150 INFO  [main] o.s.s.web.DefaultSecurityFilterChain - Creating filter chain: Ant [pattern='/webjars/**', GET], []
11-07-2020 17:43:49.151 INFO  [main] o.s.s.web.DefaultSecurityFilterChain - Creating filter chain: Ant [pattern='/*.html', GET], []
11-07-2020 17:43:49.151 INFO  [main] o.s.s.web.DefaultSecurityFilterChain - Creating filter chain: Ant [pattern='/favicon.ico', GET], []
11-07-2020 17:43:49.151 INFO  [main] o.s.s.web.DefaultSecurityFilterChain - Creating filter chain: Ant [pattern='/**/*.html', GET], []
11-07-2020 17:43:49.152 INFO  [main] o.s.s.web.DefaultSecurityFilterChain - Creating filter chain: Ant [pattern='/**/*.css', GET], []
11-07-2020 17:43:49.153 INFO  [main] o.s.s.web.DefaultSecurityFilterChain - Creating filter chain: Ant [pattern='/**/*.js', GET], []
11-07-2020 17:43:49.385 INFO  [main] o.s.s.web.DefaultSecurityFilterChain - Creating filter chain: any request, [org.springframework.security.web.context.request.async.WebAsyncManagerIntegrationFilter@7a1371, org.springframework.security.web.context.SecurityContextPersistenceFilter@5546e754, org.springframework.security.web.header.HeaderWriterFilter@fe8aaeb, org.springframework.security.web.authentication.logout.LogoutFilter@63485d7, com.tim26.ChatService.security.TokenAuthenticationFilter@6c6928c, org.springframework.security.web.savedrequest.RequestCacheAwareFilter@7196a8f1, org.springframework.security.web.servletapi.SecurityContextHolderAwareRequestFilter@43e3a390, org.springframework.security.web.authentication.AnonymousAuthenticationFilter@3c28181b, org.springframework.security.web.session.SessionManagementFilter@5cf0673d, org.springframework.security.web.access.ExceptionTranslationFilter@1182413a, org.springframework.security.web.access.intercept.FilterSecurityInterceptor@1a0f349]
11-07-2020 17:43:49.712 INFO  [main] c.n.c.sources.URLConfigurationSource - To enable URLs as dynamic configuration sources, define System property archaius.configurationSource.additionalUrls or make config.properties available on classpath.
11-07-2020 17:43:49.729 INFO  [main] c.n.c.sources.URLConfigurationSource - To enable URLs as dynamic configuration sources, define System property archaius.configurationSource.additionalUrls or make config.properties available on classpath.
11-07-2020 17:43:53.231 INFO  [main] o.s.b.a.h.H2ConsoleAutoConfiguration - H2 console available at '/h2-console'. Database available at 'jdbc:h2:file:./src/main/resources/chatDB'
11-07-2020 17:43:55.305 INFO  [main] o.s.c.n.eureka.InstanceInfoFactory - Setting initial instance status as: STARTING
11-07-2020 17:43:55.486 INFO  [main] c.netflix.discovery.DiscoveryClient - Initializing Eureka in region us-east-1
11-07-2020 17:43:55.648 INFO  [main] c.n.d.p.DiscoveryJerseyProvider - Using JSON encoding codec LegacyJacksonJson
11-07-2020 17:43:55.649 INFO  [main] c.n.d.p.DiscoveryJerseyProvider - Using JSON decoding codec LegacyJacksonJson
11-07-2020 17:43:55.929 INFO  [main] c.n.d.p.DiscoveryJerseyProvider - Using XML encoding codec XStreamXml
11-07-2020 17:43:55.930 INFO  [main] c.n.d.p.DiscoveryJerseyProvider - Using XML decoding codec XStreamXml
11-07-2020 17:43:56.260 INFO  [main] c.n.d.s.r.aws.ConfigClusterResolver - Resolving eureka endpoints via configuration
11-07-2020 17:43:56.635 INFO  [main] c.netflix.discovery.DiscoveryClient - Disable delta property : false
11-07-2020 17:43:56.636 INFO  [main] c.netflix.discovery.DiscoveryClient - Single vip registry refresh property : null
11-07-2020 17:43:56.636 INFO  [main] c.netflix.discovery.DiscoveryClient - Force full registry fetch : false
11-07-2020 17:43:56.636 INFO  [main] c.netflix.discovery.DiscoveryClient - Application is null : false
11-07-2020 17:43:56.636 INFO  [main] c.netflix.discovery.DiscoveryClient - Registered Applications size is zero : true
11-07-2020 17:43:56.636 INFO  [main] c.netflix.discovery.DiscoveryClient - Application version is -1: true
11-07-2020 17:43:56.636 INFO  [main] c.netflix.discovery.DiscoveryClient - Getting all instance registry info from the eureka server
11-07-2020 17:44:00.810 INFO  [main] c.netflix.discovery.DiscoveryClient - Starting heartbeat executor: renew interval is: 30
11-07-2020 17:44:00.814 INFO  [main] c.n.discovery.InstanceInfoReplicator - InstanceInfoReplicator onDemand update allowed rate per min is 4
11-07-2020 17:44:00.821 INFO  [main] c.netflix.discovery.DiscoveryClient - Discovery Client initialized at timestamp 1594482240818 with initial instances count: 0
11-07-2020 17:44:00.838 INFO  [main] o.s.c.n.e.s.EurekaServiceRegistry - Registering application CHATSERVICE with eureka with status UP
11-07-2020 17:44:00.841 INFO  [main] c.netflix.discovery.DiscoveryClient - Saw local status change event StatusChangeEvent [timestamp=1594482240841, current=UP, previous=STARTING]
11-07-2020 17:44:00.846 INFO  [DiscoveryClient-InstanceInfoReplicator-0] c.netflix.discovery.DiscoveryClient - DiscoveryClient_CHATSERVICE/host.docker.internal:chatservice:8087: registering service...
11-07-2020 17:44:00.851 INFO  [main] o.s.d.r.c.DeferredRepositoryInitializationListener - Triggering deferred initialization of Spring Data repositories…
11-07-2020 17:44:01.212 INFO  [main] o.s.d.r.c.DeferredRepositoryInitializationListener - Spring Data repositories initialized!
11-07-2020 17:44:01.225 INFO  [main] c.t.C.ChatServiceApplicationTests - Started ChatServiceApplicationTests in 22.971 seconds (JVM running for 26.188)
11-07-2020 17:44:01.406 INFO  [SpringContextShutdownHook] o.s.c.n.e.s.EurekaServiceRegistry - Unregistering application CHATSERVICE with eureka with status DOWN
11-07-2020 17:44:01.430 INFO  [SpringContextShutdownHook] o.s.o.j.LocalContainerEntityManagerFactoryBean - Closing JPA EntityManagerFactory for persistence unit 'default'
11-07-2020 17:44:01.431 INFO  [SpringContextShutdownHook] o.h.t.s.i.SchemaDropperImpl$DelayedDropActionImpl - HHH000477: Starting delayed evictData of schema as part of SessionFactory shut-down'
11-07-2020 17:44:01.441 INFO  [SpringContextShutdownHook] o.s.s.c.ThreadPoolTaskExecutor - Shutting down ExecutorService 'applicationTaskExecutor'
11-07-2020 17:44:01.442 INFO  [SpringContextShutdownHook] com.zaxxer.hikari.HikariDataSource - HikariPool-1 - Shutdown initiated...
11-07-2020 17:44:01.447 INFO  [SpringContextShutdownHook] com.zaxxer.hikari.HikariDataSource - HikariPool-1 - Shutdown completed.
11-07-2020 17:44:01.448 INFO  [SpringContextShutdownHook] c.netflix.discovery.DiscoveryClient - Shutting down DiscoveryClient ...
11-07-2020 17:44:04.454 INFO  [SpringContextShutdownHook] c.netflix.discovery.DiscoveryClient - Unregistering ...
11-07-2020 17:44:08.483 INFO  [SpringContextShutdownHook] c.netflix.discovery.DiscoveryClient - Completed shut down of DiscoveryClient
